(2048, 2048, 3)
[[[[0.25098039 0.32156863 0.30196078]
   [0.22745098 0.30196078 0.25490196]
   [0.24313725 0.30196078 0.28235294]
   ...
   [0.25490196 0.3372549  0.34509804]
   [0.29803922 0.39215686 0.40392157]
   [0.2745098  0.38039216 0.38039216]]

  [[0.25882353 0.3372549  0.31764706]
   [0.23137255 0.31372549 0.29019608]
   [0.20784314 0.29019608 0.27058824]
   ...
   [0.20784314 0.29803922 0.30196078]
   [0.22745098 0.34117647 0.33333333]
   [0.23529412 0.36470588 0.35294118]]

  [[0.22352941 0.31372549 0.2745098 ]
   [0.21960784 0.31372549 0.28627451]
   [0.21568627 0.29411765 0.27058824]
   ...
   [0.22352941 0.29803922 0.31764706]
   [0.24313725 0.33333333 0.35686275]
   [0.22352941 0.33333333 0.34117647]]

  ...

  [[0.09019608 0.07843137 0.34117647]
   [0.09019608 0.07843137 0.34509804]
   [0.09019608 0.07843137 0.34901961]
   ...
   [0.14509804 0.11764706 0.29411765]
   [0.14117647 0.11372549 0.29019608]
   [0.13333333 0.12156863 0.30196078]]

  [[0.09019608 0.07843137 0.34901961]
   [0.09019608 0.07843137 0.34117647]
   [0.09019608 0.0745098  0.34509804]
   ...
   [0.10980392 0.10196078 0.27843137]
   [0.10588235 0.09411765 0.27843137]
   [0.11372549 0.10196078 0.28235294]]

  [[0.08627451 0.0745098  0.3372549 ]
   [0.09019608 0.07843137 0.34901961]
   [0.09019608 0.0745098  0.3372549 ]
   ...
   [0.09019608 0.07843137 0.25882353]
   [0.07843137 0.07843137 0.26666667]
   [0.08627451 0.0745098  0.2627451 ]]]]
(1, 256, 256, 3)
tf.Tensor(
[[[[ 0.65933394  0.          0.         ...  0.          0.
     0.        ]
   [24.08186     0.          0.         ...  0.          0.
     0.        ]
   [ 0.          0.          0.         ...  0.          0.
     0.        ]
   ...
   [ 0.          0.          0.         ...  0.          0.
     0.        ]
   [ 0.          0.          0.         ...  0.          0.
     0.        ]
   [ 0.          0.          0.         ...  0.          0.
     0.        ]]

  [[ 0.          0.          0.         ...  0.          0.
     0.        ]
   [ 0.          0.          0.         ...  0.          0.
     0.        ]
   [ 0.          0.          0.         ...  0.          0.
     0.        ]
   ...
   [ 0.          0.          0.         ...  0.          0.
     0.        ]
   [ 0.          0.          0.         ...  0.          0.
     0.        ]
   [ 0.          0.          0.         ...  0.          0.
     0.        ]]

  [[76.23272     0.          0.         ...  0.          0.
     0.        ]
   [ 0.          0.          0.         ...  0.          0.
     0.        ]
   [ 0.          0.          0.         ...  0.          0.
     0.        ]
   ...
   [ 0.          0.          0.         ...  0.          0.
     0.        ]
   [ 0.          0.          0.         ...  0.          0.
     0.        ]
   [ 0.          0.          0.         ...  0.          0.
     0.        ]]

  ...

  [[ 0.          0.          0.         ...  0.          0.
     0.        ]
   [ 0.          0.          0.         ...  0.          0.
     0.        ]
   [ 0.          0.         30.210722   ...  0.          0.
     0.        ]
   ...
   [29.322115    0.          0.         ...  0.          0.
     0.        ]
   [ 0.          0.          0.         ...  0.          0.
     0.        ]
   [ 0.          0.          0.         ...  0.         84.80479
     0.        ]]

  [[ 0.          0.          0.         ...  0.          0.
     0.        ]
   [ 0.          0.          2.8775878  ...  0.          0.
     0.        ]
   [ 0.          0.          0.         ...  0.          0.
     0.        ]
   ...
   [ 0.         15.823794    0.         ...  0.          0.
     0.        ]
   [ 0.         40.423874    0.         ...  0.          0.
     0.        ]
   [ 0.          0.          0.         ...  0.         19.01571
     0.        ]]

  [[ 0.          0.          0.545164   ...  0.          0.
     0.        ]
   [ 0.          0.          0.         ...  0.          0.
     0.        ]
   [ 0.          0.          0.         ...  0.          0.
     0.        ]
   ...
   [ 0.          0.          0.         ...  0.          0.
     0.        ]
   [ 0.          0.          0.         ...  0.          0.
     0.        ]
   [ 0.          0.          0.         ...  0.          0.
     0.        ]]]], shape=(1, 16, 16, 64), dtype=float32)
(1, 16, 16, 64)
(1, 16, 16, 64)
tf.Tensor(
[[[[-1.71547819e-26 -2.76547462e-01  1.46657840e-26 ...  4.80247849e-27
    -3.00535883e-26 -2.13833721e-26]
   [-2.40632343e-26 -3.57216597e-01 -8.98083012e-27 ... -4.28949219e-26
    -4.32497028e-26  1.56176933e-28]
   [ 1.04965137e-27 -4.01123405e-01 -1.66757476e-26 ... -4.00940157e-26
    -5.20710567e-26  3.00299933e-26]
   ...
   [ 2.49215335e-27 -3.03900421e-01 -2.54261040e-26 ... -5.41066938e-26
    -5.30554072e-26  4.09822855e-26]
   [-2.16558527e-26 -3.49223256e-01 -3.64380014e-27 ... -5.81699067e-26
    -2.07797888e-26  5.47521915e-26]
   [-4.13099863e-26 -2.88861990e-01 -1.07002449e-26 ... -2.08884944e-26
    -3.87091658e-27  3.22566703e-26]]

  [[-2.19156807e-26 -2.16537163e-01 -7.21434637e-27 ...  1.02515294e-26
     1.58278223e-26  9.61336406e-28]
   [-4.41666920e-26 -4.43468094e-01  1.02234447e-26 ... -4.19791714e-26
    -3.58493062e-27 -3.08230974e-26]
   [-1.17757982e-26 -3.83566707e-01  1.81537217e-26 ... -1.50827740e-27
    -2.71236479e-26 -3.62153407e-26]
   ...
   [-9.30617130e-27 -2.88252026e-01 -2.84455292e-26 ... -2.32029106e-28
    -1.49448343e-26 -1.58387893e-26]
   [-1.79191727e-26 -3.22091103e-01 -2.85017602e-26 ...  2.65154393e-26
    -1.92959645e-26 -2.51139154e-26]
   [-1.83265515e-26 -3.22605371e-01 -2.24277208e-26 ...  1.37782446e-26
    -2.58367046e-26 -3.52844602e-26]]

  [[ 3.09712769e-26 -8.75278562e-02 -4.96413836e-27 ... -2.71954651e-26
    -1.45873724e-26 -5.39811478e-26]
   [ 7.55050388e-26 -2.50730872e-01 -1.24277301e-26 ... -5.55678552e-27
    -4.08238939e-26 -1.09953750e-25]
   [ 2.37132559e-26 -1.38613656e-01 -2.28057716e-26 ... -7.66479673e-27
    -3.78535830e-26 -7.07429013e-26]
   ...
   [ 3.28051937e-26 -2.67638892e-01 -1.13088804e-26 ... -8.79001514e-27
    -3.24999107e-26 -6.54449484e-26]
   [ 4.15678175e-26 -1.98767781e-01 -1.27620438e-27 ...  1.87037164e-26
    -2.52245886e-26 -4.70094324e-26]
   [ 8.55496926e-27 -1.74278304e-01  2.34766546e-26 ...  1.68972388e-26
    -3.36792639e-26 -7.05789599e-26]]

  ...

  [[ 3.25541248e-27 -5.55510782e-02 -1.86861011e-26 ... -1.75798808e-26
    -1.93277639e-26 -2.58289916e-26]
   [ 2.82181339e-26 -2.13248417e-01 -2.37268036e-26 ... -2.56628963e-26
    -5.22135570e-26 -3.17845925e-26]
   [ 3.85640508e-28 -1.95802733e-01 -6.16507678e-26 ... -5.66533894e-26
    -6.77361826e-26 -1.37052888e-26]
   ...
   [-1.90153350e-26 -1.71329334e-01 -6.36680931e-27 ... -2.64147763e-26
    -5.95638517e-27 -1.14324565e-26]
   [-1.65478967e-26 -1.74593806e-01  1.49254147e-26 ...  4.93826156e-27
     1.23084950e-27 -2.01308567e-26]
   [-1.56869074e-26 -1.16418704e-01  2.23604457e-26 ...  1.04063233e-27
    -1.83510447e-26 -5.33266336e-26]]

  [[ 2.52337498e-27  2.61108857e-02 -1.83573849e-26 ... -4.48146888e-26
    -1.10497750e-26 -4.09271576e-26]
   [ 4.41137705e-26 -8.49848017e-02 -2.19991859e-26 ... -1.42854313e-27
    -5.91032031e-26 -2.21991529e-26]
   [ 2.85136178e-26 -1.43921927e-01 -5.06157439e-26 ... -5.91185428e-26
    -6.19893494e-26 -2.42514285e-26]
   ...
   [-2.65684347e-26 -1.63540602e-01 -1.14208986e-26 ...  2.93820643e-27
    -2.79386584e-26 -1.02912590e-26]
   [-2.24511000e-26 -7.00182170e-02 -1.29366609e-26 ...  3.08134647e-26
    -1.00108937e-26 -1.65507733e-26]
   [-2.42839813e-26 -6.97915703e-02  4.29959739e-27 ... -2.59269267e-27
    -8.03661292e-28 -5.32417263e-26]]

  [[-1.36826352e-26  4.44611609e-02 -2.23739257e-26 ... -1.65777240e-26
     1.57785277e-28 -1.97853526e-26]
   [-1.00804714e-27  6.13200031e-02 -3.07745640e-26 ...  4.51378275e-27
    -3.03993374e-26 -1.16920372e-26]
   [-1.83245898e-27 -8.52797329e-02 -3.81907347e-26 ... -3.13047371e-26
    -4.05640413e-26 -1.68882686e-26]
   ...
   [-3.01745921e-26 -8.09164271e-02  8.61940856e-27 ...  1.08643233e-26
    -4.43913486e-27 -3.62993267e-27]
   [-3.11389130e-26 -7.78196827e-02  1.45639685e-26 ...  1.13782054e-26
    -4.25468740e-28 -3.26664489e-27]
   [-1.50763121e-26 -2.40943637e-02  3.05712336e-27 ...  7.33436108e-28
     1.60965404e-26 -3.35102412e-26]]]], shape=(1, 16, 16, 64), dtype=float32)
(1, 64)
tf.Tensor(
[[-1.33598400e-02  9.52784300e-01 -3.43702883e-02 -2.37006450e+00
  -3.16479468e+00 -1.78868175e+00  4.44614351e-01 -4.48855292e-03
  -3.53280781e-03  6.54873312e-01 -5.33813611e-03 -2.52184737e-03
  -1.61278099e-01 -7.08808362e-01 -4.39759672e-01 -1.58484317e-02
   3.33368063e-01  4.40901965e-01  1.54615901e-02 -1.18467712e-03
  -2.82832712e-04 -1.84252405e+00  9.42607164e-01 -6.98935628e-01
  -9.87429172e-03  9.93862331e-01 -3.71466503e-02  1.02457136e-01
  -1.32044828e+00  2.58024007e-01  6.69062138e-01  4.26077783e-01
  -3.31220836e-05  1.25761330e-02 -4.10361029e-03 -2.11178398e+00
   9.80357409e-01 -5.51340962e-03 -1.44929659e+00 -1.45778693e-02
   8.64697993e-01  2.44179964e-01  8.30163419e-01 -4.44644317e-02
  -3.82366520e-03  1.04761314e+00 -2.64842436e-02  1.63417995e+00
  -4.64218110e-03  9.52609897e-01 -3.07174884e-02  4.73291755e-01
   3.55517864e-02  1.12375772e+00  1.22828436e+00  3.42083991e-01
  -5.61584413e-01  5.04334450e-01  9.57316160e-01  1.10115671e+00
  -4.07774281e-03 -1.01796770e-02 -5.21092815e-03 -8.18636268e-03]], shape=(1, 64), dtype=float32)
(1, 16, 16, 64)
tf.Tensor(
[[[[11.271608    2.3579426   1.004987   ...  1.144644    0.04838863
     0.01658862]
   [11.032988    2.3558812   1.4124799  ...  1.1931782   0.04838863
     0.01658862]
   [11.301692    2.305123    1.4467868  ...  1.2233009   0.04838863
     0.01658862]
   ...
   [12.183183    2.4907072   1.5135374  ...  1.2613899   0.04838863
     0.01658862]
   [11.91192     2.5630655   1.6322999  ...  1.2689985   0.04838863
     0.01658862]
   [11.957568    2.6367393   1.3385745  ...  1.2477076   0.04838863
     0.01658862]]

  [[12.432509    2.57752     0.8933508  ...  1.2183346   0.04838863
     0.01658862]
   [12.128691    2.032704    1.0764937  ...  1.1940191   0.04838863
     0.01658862]
   [13.221771    2.4976902   1.0539782  ...  1.2255079   0.04838863
     0.01658862]
   ...
   [13.303731    2.7837322   1.4319353  ...  1.2768557   0.04838863
     0.01658862]
   [13.1382475   2.7442408   1.3084402  ...  1.2756796   0.04838863
     0.01658862]
   [12.454478    2.5211785   1.1597229  ...  1.2041545   0.04838863
     0.01658862]]

  [[13.994436    2.6799583   0.9175446  ...  1.1690575   0.04838863
     0.01658862]
   [13.784666    2.5694602   1.1956996  ...  1.0488448   0.04838863
     0.01658862]
   [14.439392    2.8464873   1.1685846  ...  1.0177548   0.04838863
     0.01658862]
   ...
   [13.6958      2.4004395   0.987801   ...  1.1296858   0.04838863
     0.01658862]
   [14.088202    2.6142583   0.9457872  ...  1.1608366   0.04838863
     0.01658862]
   [13.153202    2.5149562   0.92569566 ...  1.1030651   0.04838863
     0.01658862]]

  ...

  [[13.880883    3.0973508   1.0946584  ...  1.1400058   0.04838863
     0.01658862]
   [14.057298    2.983501    1.2237606  ...  1.2219391   0.04838863
     0.01658862]
   [13.797733    2.8043633   1.591353   ...  1.1949086   0.04838863
     0.01658862]
   ...
   [14.074915    2.7318385   0.8589379  ...  1.2009983   0.04838863
     0.01658862]
   [13.001599    2.0168009   0.67498326 ...  1.1643701   0.04838863
     0.01658862]
   [12.332508    2.195096    0.9631482  ...  1.1286844   0.04838863
     0.01658862]]

  [[14.3000145   3.145969    0.8781328  ...  1.138389    0.04838863
     0.01658862]
   [14.752421    3.2941406   0.8868369  ...  1.2099663   0.04838863
     0.01658862]
   [14.2844305   3.055354    1.5391918  ...  1.2111174   0.04838863
     0.01658862]
   ...
   [13.356151    2.2887385   0.63242877 ...  1.1388385   0.04838863
     0.01658862]
   [12.619973    1.9153916   0.75673664 ...  1.10976     0.04838863
     0.01658862]
   [12.444657    2.1324863   0.9373905  ...  1.0492095   0.04838863
     0.01658862]]

  [[13.6576395   2.5624866   0.6136759  ...  0.9372554   0.04838863
     0.01658862]
   [14.040693    3.1031241   0.8398627  ...  1.0696561   0.04838863
     0.01658862]
   [14.078676    3.2212806   1.2764597  ...  1.2038434   0.04838863
     0.01658862]
   ...
   [12.963085    2.4537113   0.7962617  ...  1.1294768   0.04838863
     0.01658862]
   [12.601774    2.3630438   0.78640884 ...  1.1409491   0.04838863
     0.01658862]
   [12.407535    2.3604333   0.85171545 ...  1.0907321   0.04838863
     0.01658862]]]], shape=(1, 16, 16, 96), dtype=float32)
(1, 16, 16, 96)
if less zero
True
packed_features
(1, 16, 16, 8, 3, 4)
if less zero
True
sliced:
(2048, 2048, 3, 4)
tf.Tensor(
[[[[ 0.19744581  0.7192724   0.42209166]
   [ 0.19744581  0.7192724   0.4220916 ]
   [ 0.18887275  0.7057786   0.42330882]
   ...
   [ 0.02857792  0.75002956  0.6146599 ]
   [ 0.02155769  0.75193197  0.6368278 ]
   [-0.01555973  0.76592124  0.587249  ]]

  [[ 0.1913124   0.7106538   0.42729732]
   [ 0.18670249  0.7178275   0.420022  ]
   [ 0.18451184  0.7299446   0.41669768]
   ...
   [ 0.01181364  0.77815807  0.5735308 ]
   [ 0.01903087  0.75483274  0.60888803]
   [-0.01118058  0.76751006  0.5995437 ]]

  [[ 0.19498098  0.7144929   0.41801432]
   [ 0.19435462  0.74270636  0.4018834 ]
   [ 0.18007088  0.75438356  0.40993604]
   ...
   [ 0.01154882  0.77116287  0.6121842 ]
   [ 0.00648957  0.7694937   0.6002344 ]
   [-0.01149482  0.752213    0.6196909 ]]

  ...

  [[-0.12786168  0.04687896  0.9259747 ]
   [-0.12786162  0.04687901  0.92597467]
   [-0.13374561  0.0462449   0.931041  ]
   ...
   [-0.07562882  0.03112034  0.8290121 ]
   [-0.05562848  0.04727191  0.8205739 ]
   [-0.06913614  0.04692551  0.8270788 ]]

  [[-0.14983302  0.06914145  0.9352033 ]
   [-0.14785498  0.05660668  0.9369702 ]
   [-0.14148033  0.05780467  0.9344214 ]
   ...
   [-0.13319737  0.06150179  0.8499848 ]
   [-0.08076978  0.02972359  0.8376286 ]
   [-0.01789528  0.06469443  0.79803646]]

  [[-0.14192045  0.05741352  0.9317309 ]
   [-0.1419205   0.0574135   0.931731  ]
   [-0.1414805   0.05780467  0.9344214 ]
   ...
   [-0.09659797  0.06424394  0.8274137 ]
   [-0.07317692  0.0494863   0.816098  ]
   [-0.05840135  0.05007547  0.80969036]]]], shape=(1, 2048, 2048, 3), dtype=float32)
[[[ 50 183 107]
  [ 50 183 107]
  [ 48 179 107]
  ...
  [  7 191 156]
  [  5 191 162]
  [253 195 149]]

 [[ 48 181 108]
  [ 47 183 107]
  [ 47 186 106]
  ...
  [  3 198 146]
  [  4 192 155]
  [254 195 152]]

 [[ 49 182 106]
  [ 49 189 102]
  [ 45 192 104]
  ...
  [  2 196 156]
  [  1 196 153]
  [254 191 158]]

 ...

 [[224  11 236]
  [224  11 236]
  [222  11 237]
  ...
  [237   7 211]
  [242  12 209]
  [239  11 210]]

 [[218  17 238]
  [219  14 238]
  [220  14 238]
  ...
  [223  15 216]
  [236   7 213]
  [252  16 203]]

 [[220  14 237]
  [220  14 237]
  [220  14 238]
  ...
  [232  16 210]
  [238  12 208]
  [242  12 206]]]
